Arguments: 
  C:\Program Files\nodejs\node.exe C:\Program Files (x86)\Yarn\bin\yarn.js install

PATH: 
  C:\Program Files\ConEmu\ConEmu\Scripts;C:\Program Files\ConEmu;C:\Program Files\ConEmu\ConEmu;C:\Program Files (x86)\Intel\iCLS Client\;C:\Program Files\Intel\iCLS Client\;C:\windows\system32;C:\windows;C:\windows\System32\Wbem;C:\windows\System32\WindowsPowerShell\v1.0\;C:\Program Files (x86)\Intel\Intel(R) Management Engine Components\DAL;C:\Program Files\Intel\Intel(R) Management Engine Components\DAL;C:\Program Files (x86)\Intel\Intel(R) Management Engine Components\IPT;C:\Program Files\Intel\Intel(R) Management Engine Components\IPT;C:\Program Files\Intel\WiFi\bin\;C:\Program Files\Common Files\Intel\WirelessCommon\;C:\Program Files\nodejs\;C:\Program Files\Git\cmd;C:\Program Files (x86)\Yarn\bin;C:\Ruby24-x64\bin;C:\Users\mille\AppData\Local\Programs\Python\Python36\Scripts\;C:\Users\mille\AppData\Local\Programs\Python\Python36\;C:\Users\mille\AppData\Local\Microsoft\WindowsApps;C:\Program Files\Microsoft VS Code\bin;C:\Program Files\LOVE;C:\Users\mille\AppData\Roaming\npm;C:\ffmpeg\bin;C:\Users\mille\AppData\Local\Yarn\bin

Yarn version: 
  1.3.2

Node version: 
  9.3.0

Platform: 
  win32 x64

npm manifest: 
  {
    "name": "budget-commander",
    "version": "1.0.0",
    "description": "",
    "main": "gulpfile.js",
    "scripts": {
      "test": "echo \"Error: no test specified\" && exit 1"
    },
    "repository": {
      "type": "git",
      "url": "git+https://github.com/millenniumbrain/budget-commander.git"
    },
    "author": "",
    "license": "ISC",
    "bugs": {
      "url": "https://github.com/millenniumbrain/budget-commander/issues"
    },
    "homepage": "https://github.com/millenniumbrain/budget-commander#readme",
    "devDependencies": {
      "@types/jquery": "^2.0.41",
      "jquery": "^3.2.1",
      "source-map-loader": "^0.2.1",
      "ts-loader": "^2.0.3",
      "typescript": "^2.2.2",
      "webpack": "^2.3.3",
      "webpack-dev-server": "2",
      "uglify-js": "3.3.5",
    }
  }

yarn manifest: 
  No manifest

Lockfile: 
  No lockfile

Trace: 
  SyntaxError: C:\Users\mille\Documents\printer-monkey\package.json: Unexpected token } in JSON at position 747
      at JSON.parse (<anonymous>)
      at C:\Program Files (x86)\Yarn\lib\cli.js:770:59
      at Generator.next (<anonymous>)
      at step (C:\Program Files (x86)\Yarn\lib\cli.js:92:30)
      at C:\Program Files (x86)\Yarn\lib\cli.js:103:13
      at <anonymous>
